c:\users\euge\source\repos\consoleapplication2\consoleapplication2\debug\consoleapplication2.pch
c:\users\euge\source\repos\consoleapplication2\consoleapplication2\debug\vc141.pdb
c:\users\euge\source\repos\consoleapplication2\consoleapplication2\debug\vc141.idb
c:\users\euge\source\repos\consoleapplication2\consoleapplication2\debug\pch.obj
c:\users\euge\source\repos\consoleapplication2\consoleapplication2\debug\settings.obj
c:\users\euge\source\repos\consoleapplication2\consoleapplication2\debug\menu.obj
c:\users\euge\source\repos\consoleapplication2\consoleapplication2\debug\ctransaction.obj
c:\users\euge\source\repos\consoleapplication2\consoleapplication2\debug\consoleapplication2.obj
c:\users\euge\source\repos\consoleapplication2\consoleapplication2\debug\cinterface.obj
c:\users\euge\source\repos\consoleapplication2\consoleapplication2\debug\car.obj
c:\users\euge\source\repos\consoleapplication2\consoleapplication2\debug\parking.obj
c:\users\euge\source\repos\consoleapplication2\debug\consoleapplication2.ilk
c:\users\euge\source\repos\consoleapplication2\debug\consoleapplication2.exe
c:\users\euge\source\repos\consoleapplication2\debug\consoleapplication2.pdb
c:\users\euge\source\repos\consoleapplication2\consoleapplication2\debug\consolea.ee8fb56c.tlog\cl.command.1.tlog
c:\users\euge\source\repos\consoleapplication2\consoleapplication2\debug\consolea.ee8fb56c.tlog\cl.read.1.tlog
c:\users\euge\source\repos\consoleapplication2\consoleapplication2\debug\consolea.ee8fb56c.tlog\cl.write.1.tlog
c:\users\euge\source\repos\consoleapplication2\consoleapplication2\debug\consolea.ee8fb56c.tlog\link.command.1.tlog
c:\users\euge\source\repos\consoleapplication2\consoleapplication2\debug\consolea.ee8fb56c.tlog\link.read.1.tlog
c:\users\euge\source\repos\consoleapplication2\consoleapplication2\debug\consolea.ee8fb56c.tlog\link.write.1.tlog
